{"/home/emersoncd/Projetos/Estudos/React Ninja/modules/m02/jest-in-practice/src/map.js": {"path":"/home/emersoncd/Projetos/Estudos/React Ninja/modules/m02/jest-in-practice/src/map.js","statementMap":{"0":{"start":{"line":2,"column":15},"end":{"line":2,"column":58}},"1":{"start":{"line":2,"column":40},"end":{"line":2,"column":57}},"2":{"start":{"line":8,"column":2},"end":{"line":8,"column":15}}},"fnMap":{"0":{"name":"(anonymous_0)","decl":{"start":{"line":1,"column":15},"end":{"line":1,"column":16}},"loc":{"start":{"line":1,"column":30},"end":{"line":9,"column":1}},"line":1},"1":{"name":"(anonymous_1)","decl":{"start":{"line":2,"column":23},"end":{"line":2,"column":24}},"loc":{"start":{"line":2,"column":40},"end":{"line":2,"column":57}},"line":2}},"branchMap":{},"s":{"0":4,"1":8,"2":4},"f":{"0":4,"1":8},"b":{},"_coverageSchema":"332fd63041d2c1bcb487cc26dd0d5f7d97098a6c","hash":"b8c076e9dc0c11bd57ac2ddb88818fb17f3cded1"}
}
